# JRE version: Java(TM) SE Runtime Environment (8.0_161-b12) (build 1.8.0_161-b12)
# Java VM: Java HotSpot(TM) 64-Bit Server VM (25.161-b12 mixed mode linux-amd64 compressed oops)
Heap:
 PSYoungGen      total 84992K, used 3056K [0x00000000e6700000, 0x00000000ebd00000, 0x0000000100000000)
  eden space 81920K, 0% used [0x00000000e6700000,0x00000000e6700000,0x00000000eb700000)
  from space 3072K, 99% used [0x00000000eb700000,0x00000000eb9fc010,0x00000000eba00000)
  to   space 3072K, 0% used [0x00000000eba00000,0x00000000eba00000,0x00000000ebd00000)
 ParOldGen       total 53248K, used 12561K [0x00000000b3400000, 0x00000000b6800000, 0x00000000e6700000)
  object space 53248K, 23% used [0x00000000b3400000,0x00000000b40446f8,0x00000000b6800000)
 Metaspace       used 15864K, capacity 16350K, committed 16640K, reserved 1064960K
  class space    used 1840K, capacity 2010K, committed 2048K, reserved 1048576K
GC Heap History (9 events):
Event: 0.838 GC heap before
{Heap before GC invocations=1 (full 0):
 PSYoungGen      total 23552K, used 20480K [0x00000000e6700000, 0x00000000e8100000, 0x0000000100000000)
  eden space 20480K, 100% used [0x00000000e6700000,0x00000000e7b00000,0x00000000e7b00000)
  from space 3072K, 0% used [0x00000000e7e00000,0x00000000e7e00000,0x00000000e8100000)
  to   space 3072K, 0% used [0x00000000e7b00000,0x00000000e7b00000,0x00000000e7e00000)
 ParOldGen       total 53248K, used 0K [0x00000000b3400000, 0x00000000b6800000, 0x00000000e6700000)
  object space 53248K, 0% used [0x00000000b3400000,0x00000000b3400000,0x00000000b6800000)
 Metaspace       used 6890K, capacity 7036K, committed 7168K, reserved 1056768K
  class space    used 856K, capacity 920K, committed 1024K, reserved 1048576K
Event: 0.864 GC heap after
Heap after GC invocations=1 (full 0):
 PSYoungGen      total 23552K, used 3040K [0x00000000e6700000, 0x00000000e9500000, 0x0000000100000000)
  eden space 20480K, 0% used [0x00000000e6700000,0x00000000e6700000,0x00000000e7b00000)
  from space 3072K, 98% used [0x00000000e7b00000,0x00000000e7df8080,0x00000000e7e00000)
  to   space 3072K, 0% used [0x00000000e9200000,0x00000000e9200000,0x00000000e9500000)
 ParOldGen       total 53248K, used 467K [0x00000000b3400000, 0x00000000b6800000, 0x00000000e6700000)
  object space 53248K, 0% used [0x00000000b3400000,0x00000000b3474ed8,0x00000000b6800000)
 Metaspace       used 6890K, capacity 7036K, committed 7168K, reserved 1056768K
  class space    used 856K, capacity 920K, committed 1024K, reserved 1048576K
}
Event: 1.226 GC heap before
{Heap before GC invocations=2 (full 0):
 PSYoungGen      total 23552K, used 23520K [0x00000000e6700000, 0x00000000e9500000, 0x0000000100000000)
  eden space 20480K, 100% used [0x00000000e6700000,0x00000000e7b00000,0x00000000e7b00000)
  from space 3072K, 98% used [0x00000000e7b00000,0x00000000e7df8080,0x00000000e7e00000)
  to   space 3072K, 0% used [0x00000000e9200000,0x00000000e9200000,0x00000000e9500000)
 ParOldGen       total 53248K, used 467K [0x00000000b3400000, 0x00000000b6800000, 0x00000000e6700000)
  object space 53248K, 0% used [0x00000000b3400000,0x00000000b3474ed8,0x00000000b6800000)
 Metaspace       used 9069K, capacity 9212K, committed 9472K, reserved 1056768K
  class space    used 1158K, capacity 1213K, committed 1280K, reserved 1048576K
Event: 1.232 GC heap after
Heap after GC invocations=2 (full 0):
 PSYoungGen      total 44032K, used 3041K [0x00000000e6700000, 0x00000000e9500000, 0x0000000100000000)
  eden space 40960K, 0% used [0x00000000e6700000,0x00000000e6700000,0x00000000e8f00000)
  from space 3072K, 99% used [0x00000000e9200000,0x00000000e94f8580,0x00000000e9500000)
  to   space 3072K, 0% used [0x00000000e8f00000,0x00000000e8f00000,0x00000000e9200000)
 ParOldGen       total 53248K, used 1420K [0x00000000b3400000, 0x00000000b6800000, 0x00000000e6700000)
  object space 53248K, 2% used [0x00000000b3400000,0x00000000b35631a8,0x00000000b6800000)
 Metaspace       used 9069K, capacity 9212K, committed 9472K, reserved 1056768K
  class space    used 1158K, capacity 1213K, committed 1280K, reserved 1048576K
}
Event: 2.224 GC heap before
{Heap before GC invocations=3 (full 0):
 PSYoungGen      total 44032K, used 44001K [0x00000000e6700000, 0x00000000e9500000, 0x0000000100000000)
  eden space 40960K, 100% used [0x00000000e6700000,0x00000000e8f00000,0x00000000e8f00000)
  from space 3072K, 99% used [0x00000000e9200000,0x00000000e94f8580,0x00000000e9500000)
  to   space 3072K, 0% used [0x00000000e8f00000,0x00000000e8f00000,0x00000000e9200000)
 ParOldGen       total 53248K, used 1420K [0x00000000b3400000, 0x00000000b6800000, 0x00000000e6700000)
  object space 53248K, 2% used [0x00000000b3400000,0x00000000b35631a8,0x00000000b6800000)
 Metaspace       used 13557K, capacity 13856K, committed 14080K, reserved 1060864K
  class space    used 1653K, capacity 1758K, committed 1792K, reserved 1048576K
Event: 2.240 GC heap after
Heap after GC invocations=3 (full 0):
 PSYoungGen      total 44032K, used 3040K [0x00000000e6700000, 0x00000000ebd00000, 0x0000000100000000)
  eden space 40960K, 0% used [0x00000000e6700000,0x00000000e6700000,0x00000000e8f00000)
  from space 3072K, 98% used [0x00000000e8f00000,0x00000000e91f8020,0x00000000e9200000)
  to   space 3072K, 0% used [0x00000000eba00000,0x00000000eba00000,0x00000000ebd00000)
 ParOldGen       total 53248K, used 5851K [0x00000000b3400000, 0x00000000b6800000, 0x00000000e6700000)
  object space 53248K, 10% used [0x00000000b3400000,0x00000000b39b6c08,0x00000000b6800000)
 Metaspace       used 13557K, capacity 13856K, committed 14080K, reserved 1060864K
  class space    used 1653K, capacity 1758K, committed 1792K, reserved 1048576K
}
Event: 3.087 GC heap before
{Heap before GC invocations=4 (full 0):
 PSYoungGen      total 44032K, used 44000K [0x00000000e6700000, 0x00000000ebd00000, 0x0000000100000000)
  eden space 40960K, 100% used [0x00000000e6700000,0x00000000e8f00000,0x00000000e8f00000)
  from space 3072K, 98% used [0x00000000e8f00000,0x00000000e91f8020,0x00000000e9200000)
  to   space 3072K, 0% used [0x00000000eba00000,0x00000000eba00000,0x00000000ebd00000)
 ParOldGen       total 53248K, used 5851K [0x00000000b3400000, 0x00000000b6800000, 0x00000000e6700000)
  object space 53248K, 10% used [0x00000000b3400000,0x00000000b39b6c08,0x00000000b6800000)
 Metaspace       used 13864K, capacity 14176K, committed 14336K, reserved 1062912K
  class space    used 1657K, capacity 1758K, committed 1792K, reserved 1048576K
Event: 3.240 GC heap after
Heap after GC invocations=4 (full 0):
 PSYoungGen      total 84992K, used 3056K [0x00000000e6700000, 0x00000000ebd00000, 0x0000000100000000)
  eden space 81920K, 0% used [0x00000000e6700000,0x00000000e6700000,0x00000000eb700000)
  from space 3072K, 99% used [0x00000000eba00000,0x00000000ebcfc010,0x00000000ebd00000)
  to   space 3072K, 0% used [0x00000000eb700000,0x00000000eb700000,0x00000000eba00000)
 ParOldGen       total 53248K, used 7551K [0x00000000b3400000, 0x00000000b6800000, 0x00000000e6700000)
  object space 53248K, 14% used [0x00000000b3400000,0x00000000b3b5fc18,0x00000000b6800000)
 Metaspace       used 13864K, capacity 14176K, committed 14336K, reserved 1062912K
  class space    used 1657K, capacity 1758K, committed 1792K, reserved 1048576K
}
Event: 6.352 GC heap before
{Heap before GC invocations=5 (full 0):
 PSYoungGen      total 84992K, used 84976K [0x00000000e6700000, 0x00000000ebd00000, 0x0000000100000000)
  eden space 81920K, 100% used [0x00000000e6700000,0x00000000eb700000,0x00000000eb700000)
  from space 3072K, 99% used [0x00000000eba00000,0x00000000ebcfc010,0x00000000ebd00000)
  to   space 3072K, 0% used [0x00000000eb700000,0x00000000eb700000,0x00000000eba00000)
 ParOldGen       total 53248K, used 7551K [0x00000000b3400000, 0x00000000b6800000, 0x00000000e6700000)
  object space 53248K, 14% used [0x00000000b3400000,0x00000000b3b5fc18,0x00000000b6800000)
 Metaspace       used 15864K, capacity 16350K, committed 16640K, reserved 1064960K
  class space    used 1840K, capacity 2010K, committed 2048K, reserved 1048576K

